<?xml version="1.0" encoding="UTF-8"?>
<!-- Generated by org.testng.reporters.JUnitXMLReporter -->
<testsuite hostname="DESKTOP-9JV455Q" name="Test" tests="15" failures="2" timestamp="28 Feb 2017 09:51:33 GMT" time="1531.88" errors="0">
  <testcase name="ClientCodeFunctionalityTest" time="55.172" classname="ModulesTests.IBMScoreTests"/>
  <testcase name="Estimated_and_Negotiated_ValidationTest" time="35.424" classname="ModulesTests.IBMScoreTests"/>
  <testcase name="CostCalculationInUSDTest" time="35.287" classname="ModulesTests.IBMScoreTests">
    <failure type="java.lang.AssertionError" message=" expected [22.134] but found [22.135]">
      <![CDATA[java.lang.AssertionError:  expected [22.134] but found [22.135]
	at Modules.IBMScore.CostCalculationInUSD(IBMScore.java:437)
	at ModulesTests.IBMScoreTests.CostCalculationInUSDTest(IBMScoreTests.java:41)
... Removed 27 stack frames]]>
    </failure>
  </testcase> <!-- CostCalculationInUSDTest -->
  <testcase name="Entry_Date_Validation_QuarterTest" time="33.708" classname="ModulesTests.IBMScoreTests"/>
  <testcase name="SCORE_Date_Validation_QuarterTest" time="32.14" classname="ModulesTests.IBMScoreTests"/>
  <testcase name="JDE_Project_FunctionalityTest" time="49.52" classname="ModulesTests.IBMScoreTests"/>
  <testcase name="otherClientCodeFunctionalityTest" time="37.606" classname="ModulesTests.IBMScoreTests"/>
  <testcase name="GPJSCORECostSavingRecordSubmissionTest" time="60.504" classname="ModulesTests.IBMScoreTests"/>
  <testcase name="Field_Officer_FunctionalityTest" time="154.673" classname="ModulesTests.IBMScoreTests"/>
  <testcase name="Regional_Officer_FunctionalityTest" time="214.22" classname="ModulesTests.IBMScoreTests"/>
  <testcase name="Corporate_Officer_FunctionalityTest" time="184.282" classname="ModulesTests.IBMScoreTests"/>
  <testcase name="Verify_Draft_SCORE_All_Aprroval_For_RegionalUserTest" time="173.093" classname="ModulesTests.IBMScoreTests"/>
  <testcase name="Only_RecordOwner_Allowed_To_Submit_ScoreTest" time="64.572" classname="ModulesTests.IBMScoreTests"/>
  <testcase name="Corporate_Approval_Not_Deleted_By_FieldandRegionalUsersTest" time="54.465" classname="ModulesTests.IBMScoreTests"/>
  <testcase name="Summition_Of_SavingsInUSD_OnApprovalPageTest" time="347.146" classname="ModulesTests.IBMScoreTests">
    <failure type="org.openqa.selenium.NoSuchElementException" message="no such element: Unable to locate element: {&amp;quot;method&amp;quot;:&amp;quot;id&amp;quot;,&amp;quot;selector&amp;quot;:&amp;quot;ext-gen11&amp;quot;}
  (Session info: chrome=56.0.2924.87)
  (Driver info: chromedriver=2.27.440174 (e97a722caafc2d3a8b807ee115bfb307f7d2cfd9),platform=Windows NT 10.0.14393 x86_64) (WARNING: The server did not provide any stacktrace information)
Command duration or timeout: 20.17 seconds
For documentation on this error, please visit: http://seleniumhq.org/exceptions/no_such_element.html
Build info: version: &amp;apos;unknown&amp;apos;, revision: &amp;apos;c7b525d&amp;apos;, time: &amp;apos;2016-09-01 14:52:30 -0700&amp;apos;
System info: host: &amp;apos;DESKTOP-9JV455Q&amp;apos;, ip: &amp;apos;10.1.0.131&amp;apos;, os.name: &amp;apos;Windows 10&amp;apos;, os.arch: &amp;apos;amd64&amp;apos;, os.version: &amp;apos;10.0&amp;apos;, java.version: &amp;apos;1.8.0_111&amp;apos;
Driver info: org.openqa.selenium.chrome.ChromeDriver
Capabilities [{applicationCacheEnabled=false, rotatable=false, mobileEmulationEnabled=false, networkConnectionEnabled=false, chrome={chromedriverVersion=2.27.440174 (e97a722caafc2d3a8b807ee115bfb307f7d2cfd9), userDataDir=C:\Users\DELL\AppData\Local\Temp\scoped_dir1736_11966}, takesHeapSnapshot=true, pageLoadStrategy=normal, databaseEnabled=false, handlesAlerts=true, hasTouchScreen=false, version=56.0.2924.87, platform=XP, browserConnectionEnabled=false, nativeEvents=true, acceptSslCerts=true, locationContextEnabled=true, webStorageEnabled=true, browserName=chrome, takesScreenshot=true, javascriptEnabled=true, cssSelectorsEnabled=true, unexpectedAlertBehaviour=}]
Session ID: a37903c8d95c15e8ce55d9ec2f13617d
*** Element info: {Using=id, value=ext-gen11}">
      <![CDATA[org.openqa.selenium.NoSuchElementException: no such element: Unable to locate element: {"method":"id","selector":"ext-gen11"}
  (Session info: chrome=56.0.2924.87)
  (Driver info: chromedriver=2.27.440174 (e97a722caafc2d3a8b807ee115bfb307f7d2cfd9),platform=Windows NT 10.0.14393 x86_64) (WARNING: The server did not provide any stacktrace information)
Command duration or timeout: 20.17 seconds
For documentation on this error, please visit: http://seleniumhq.org/exceptions/no_such_element.html
Build info: version: 'unknown', revision: 'c7b525d', time: '2016-09-01 14:52:30 -0700'
System info: host: 'DESKTOP-9JV455Q', ip: '10.1.0.131', os.name: 'Windows 10', os.arch: 'amd64', os.version: '10.0', java.version: '1.8.0_111'
Driver info: org.openqa.selenium.chrome.ChromeDriver
Capabilities [{applicationCacheEnabled=false, rotatable=false, mobileEmulationEnabled=false, networkConnectionEnabled=false, chrome={chromedriverVersion=2.27.440174 (e97a722caafc2d3a8b807ee115bfb307f7d2cfd9), userDataDir=C:\Users\DELL\AppData\Local\Temp\scoped_dir1736_11966}, takesHeapSnapshot=true, pageLoadStrategy=normal, databaseEnabled=false, handlesAlerts=true, hasTouchScreen=false, version=56.0.2924.87, platform=XP, browserConnectionEnabled=false, nativeEvents=true, acceptSslCerts=true, locationContextEnabled=true, webStorageEnabled=true, browserName=chrome, takesScreenshot=true, javascriptEnabled=true, cssSelectorsEnabled=true, unexpectedAlertBehaviour=}]
Session ID: a37903c8d95c15e8ce55d9ec2f13617d
*** Element info: {Using=id, value=ext-gen11}
	at org.openqa.selenium.remote.ErrorHandler.createThrowable(ErrorHandler.java:206)
	at org.openqa.selenium.remote.ErrorHandler.throwIfResponseFailed(ErrorHandler.java:158)
	at org.openqa.selenium.remote.RemoteWebDriver.execute(RemoteWebDriver.java:631)
	at org.openqa.selenium.remote.RemoteWebDriver.findElement(RemoteWebDriver.java:369)
	at org.openqa.selenium.remote.RemoteWebDriver.findElementById(RemoteWebDriver.java:418)
	at org.openqa.selenium.By$ById.findElement(By.java:218)
	at org.openqa.selenium.remote.RemoteWebDriver.findElement(RemoteWebDriver.java:361)
	at Modules.IBMScore.Summition_Of_SavingsInUSD_OnApprovalPage(IBMScore.java:1213)
	at ModulesTests.IBMScoreTests.Summition_Of_SavingsInUSD_OnApprovalPageTest(IBMScoreTests.java:120)
... Removed 27 stack frames]]>
    </failure>
  </testcase> <!-- Summition_Of_SavingsInUSD_OnApprovalPageTest -->
</testsuite> <!-- Test -->
