<html>
<head>
<title>TestNG:  Test</title>
<link href="../testng.css" rel="stylesheet" type="text/css" />
<link href="../my-testng.css" rel="stylesheet" type="text/css" />

<style type="text/css">
.log { display: none;} 
.stack-trace { display: none;} 
</style>
<script type="text/javascript">
<!--
function flip(e) {
  current = e.style.display;
  if (current == 'block') {
    e.style.display = 'none';
    return 0;
  }
  else {
    e.style.display = 'block';
    return 1;
  }
}

function toggleBox(szDivId, elem, msg1, msg2)
{
  var res = -1;  if (document.getElementById) {
    res = flip(document.getElementById(szDivId));
  }
  else if (document.all) {
    // this is the way old msie versions work
    res = flip(document.all[szDivId]);
  }
  if(elem) {
    if(res == 0) elem.innerHTML = msg1; else elem.innerHTML = msg2;
  }

}

function toggleAllBoxes() {
  if (document.getElementsByTagName) {
    d = document.getElementsByTagName('div');
    for (i = 0; i < d.length; i++) {
      if (d[i].className == 'log') {
        flip(d[i]);
      }
    }
  }
}

// -->
</script>

</head>
<body>
<h2 align='center'>Test</h2><table border='1' align="center">
<tr>
<td>Tests passed/Failed/Skipped:</td><td>12/3/0</td>
</tr><tr>
<td>Started on:</td><td>Tue Feb 28 13:42:26 IST 2017</td>
</tr>
<tr><td>Total time:</td><td>1063 seconds (1063525 ms)</td>
</tr><tr>
<td>Included groups:</td><td></td>
</tr><tr>
<td>Excluded groups:</td><td></td>
</tr>
</table><p/>
<small><i>(Hover the method name to see the test class name)</i></small><p/>
<table width='100%' border='1' class='invocation-failed'>
<tr><td colspan='4' align='center'><b>FAILED TESTS</b></td></tr>
<tr><td><b>Test method</b></td>
<td width="30%"><b>Exception</b></td>
<td width="10%"><b>Time (seconds)</b></td>
<td><b>Instance</b></td>
</tr>
<tr>
<td title='ModulesTests.IBMScoreTests.Corporate_Approval_Not_Deleted_By_FieldandRegionalUsersTest()'><b>Corporate_Approval_Not_Deleted_By_FieldandRegionalUsersTest</b><br>Test class: ModulesTests.IBMScoreTests<br>Test method: To check Corporate Approval Not Deleted By Field and Regional Users</td>
<td><div><pre>org.openqa.selenium.WebDriverException: unknown error: Element &lt;div class=&quot;x-grid3-cell-inner x-grid3-col-NAME&quot; id=&quot;a5i22000000AMyS_NAME&quot;&gt;...&lt;/div&gt; is not clickable at point (412, 292). Other element would receive the click: &lt;h4&gt;...&lt;/h4&gt;
  (Session info: chrome=56.0.2924.87)
  (Driver info: chromedriver=2.27.440174 (e97a722caafc2d3a8b807ee115bfb307f7d2cfd9),platform=Windows NT 10.0.14393 x86_64) (WARNING: The server did not provide any stacktrace information)
Command duration or timeout: 56 milliseconds
Build info: version: &apos;2.47.1&apos;, revision: &apos;unknown&apos;, time: &apos;2015-07-30 11:02:44&apos;
System info: host: &apos;DESKTOP-9JV455Q&apos;, ip: &apos;10.1.0.131&apos;, os.name: &apos;Windows 10&apos;, os.arch: &apos;x86&apos;, os.version: &apos;10.0&apos;, java.version: &apos;1.8.0_66&apos;
Driver info: org.openqa.selenium.chrome.ChromeDriver
Capabilities [{applicationCacheEnabled=false, rotatable=false, mobileEmulationEnabled=false, networkConnectionEnabled=false, chrome={chromedriverVersion=2.27.440174 (e97a722caafc2d3a8b807ee115bfb307f7d2cfd9), userDataDir=C:\WINDOWS\TEMP\scoped_dir5292_20193}, takesHeapSnapshot=true, pageLoadStrategy=normal, databaseEnabled=false, handlesAlerts=true, hasTouchScreen=false, version=56.0.2924.87, platform=XP, browserConnectionEnabled=false, nativeEvents=true, acceptSslCerts=true, locationContextEnabled=true, webStorageEnabled=true, browserName=chrome, takesScreenshot=true, javascriptEnabled=true, cssSelectorsEnabled=true, unexpectedAlertBehaviour=}]
Session ID: 676bc1988bedd1de1aef5807f8a06ec5
	at org.openqa.selenium.remote.ErrorHandler.createThrowable(ErrorHandler.java:206)
	at org.openqa.selenium.remote.ErrorHandler.throwIfResponseFailed(ErrorHandler.java:158)
	at org.openqa.selenium.remote.RemoteWebDriver.execute(RemoteWebDriver.java:595)
	at org.openqa.selenium.remote.RemoteWebElement.execute(RemoteWebElement.java:273)
	at org.openqa.selenium.remote.RemoteWebElement.click(RemoteWebElement.java:84)
	at Modules.IBMScore.Corporate_Approval_Not_Deleted_By_FieldandRegionalUsers(IBMScore.java:1120)
	at ModulesTests.IBMScoreTests.Corporate_Approval_Not_Deleted_By_FieldandRegionalUsersTest(IBMScoreTests.java:113)
	at org.apache.maven.surefire.testng.TestNGExecutor.run(TestNGExecutor.java:293)
	at org.apache.maven.surefire.testng.TestNGXmlTestSuite.execute(TestNGXmlTestSuite.java:84)
	at org.apache.maven.surefire.testng.TestNGProvider.invoke(TestNGProvider.java:91)
	at org.apache.maven.surefire.booter.ForkedBooter.invokeProviderInSameClassLoader(ForkedBooter.java:200)
	at org.apache.maven.surefire.booter.ForkedBooter.runSuitesInProcess(ForkedBooter.java:153)
	at org.apache.maven.surefire.booter.ForkedBooter.main(ForkedBooter.java:103)
... Removed 26 stack frames</pre></div><a href='#' onClick='toggleBox("stack-trace7987117", this, "Click to show all stack frames", "Click to hide stack frames")'>Click to show all stack frames</a>
<div class='stack-trace' id='stack-trace7987117'><pre>org.openqa.selenium.WebDriverException: unknown error: Element &lt;div class="x-grid3-cell-inner x-grid3-col-NAME" id="a5i22000000AMyS_NAME"&gt;...&lt;/div&gt; is not clickable at point (412, 292). Other element would receive the click: &lt;h4&gt;...&lt;/h4&gt;
  (Session info: chrome=56.0.2924.87)
  (Driver info: chromedriver=2.27.440174 (e97a722caafc2d3a8b807ee115bfb307f7d2cfd9),platform=Windows NT 10.0.14393 x86_64) (WARNING: The server did not provide any stacktrace information)
Command duration or timeout: 56 milliseconds
Build info: version: '2.47.1', revision: 'unknown', time: '2015-07-30 11:02:44'
System info: host: 'DESKTOP-9JV455Q', ip: '10.1.0.131', os.name: 'Windows 10', os.arch: 'x86', os.version: '10.0', java.version: '1.8.0_66'
Driver info: org.openqa.selenium.chrome.ChromeDriver
Capabilities [{applicationCacheEnabled=false, rotatable=false, mobileEmulationEnabled=false, networkConnectionEnabled=false, chrome={chromedriverVersion=2.27.440174 (e97a722caafc2d3a8b807ee115bfb307f7d2cfd9), userDataDir=C:\WINDOWS\TEMP\scoped_dir5292_20193}, takesHeapSnapshot=true, pageLoadStrategy=normal, databaseEnabled=false, handlesAlerts=true, hasTouchScreen=false, version=56.0.2924.87, platform=XP, browserConnectionEnabled=false, nativeEvents=true, acceptSslCerts=true, locationContextEnabled=true, webStorageEnabled=true, browserName=chrome, takesScreenshot=true, javascriptEnabled=true, cssSelectorsEnabled=true, unexpectedAlertBehaviour=}]
Session ID: 676bc1988bedd1de1aef5807f8a06ec5
	at sun.reflect.NativeConstructorAccessorImpl.newInstance0(Native Method)
	at sun.reflect.NativeConstructorAccessorImpl.newInstance(Unknown Source)
	at sun.reflect.DelegatingConstructorAccessorImpl.newInstance(Unknown Source)
	at java.lang.reflect.Constructor.newInstance(Unknown Source)
	at org.openqa.selenium.remote.ErrorHandler.createThrowable(ErrorHandler.java:206)
	at org.openqa.selenium.remote.ErrorHandler.throwIfResponseFailed(ErrorHandler.java:158)
	at org.openqa.selenium.remote.RemoteWebDriver.execute(RemoteWebDriver.java:595)
	at org.openqa.selenium.remote.RemoteWebElement.execute(RemoteWebElement.java:273)
	at org.openqa.selenium.remote.RemoteWebElement.click(RemoteWebElement.java:84)
	at Modules.IBMScore.Corporate_Approval_Not_Deleted_By_FieldandRegionalUsers(IBMScore.java:1120)
	at ModulesTests.IBMScoreTests.Corporate_Approval_Not_Deleted_By_FieldandRegionalUsersTest(IBMScoreTests.java:113)
	at sun.reflect.NativeMethodAccessorImpl.invoke0(Native Method)
	at sun.reflect.NativeMethodAccessorImpl.invoke(Unknown Source)
	at sun.reflect.DelegatingMethodAccessorImpl.invoke(Unknown Source)
	at java.lang.reflect.Method.invoke(Unknown Source)
	at org.testng.internal.MethodInvocationHelper.invokeMethod(MethodInvocationHelper.java:80)
	at org.testng.internal.Invoker.invokeMethod(Invoker.java:673)
	at org.testng.internal.Invoker.invokeTestMethod(Invoker.java:842)
	at org.testng.internal.Invoker.invokeTestMethods(Invoker.java:1166)
	at org.testng.internal.TestMethodWorker.invokeTestMethods(TestMethodWorker.java:125)
	at org.testng.internal.TestMethodWorker.run(TestMethodWorker.java:109)
	at org.testng.TestRunner.runWorkers(TestRunner.java:1178)
	at org.testng.TestRunner.privateRun(TestRunner.java:757)
	at org.testng.TestRunner.run(TestRunner.java:608)
	at org.testng.SuiteRunner.runTest(SuiteRunner.java:334)
	at org.testng.SuiteRunner.runSequentially(SuiteRunner.java:329)
	at org.testng.SuiteRunner.privateRun(SuiteRunner.java:291)
	at org.testng.SuiteRunner.run(SuiteRunner.java:240)
	at org.testng.SuiteRunnerWorker.runSuite(SuiteRunnerWorker.java:52)
	at org.testng.SuiteRunnerWorker.run(SuiteRunnerWorker.java:86)
	at org.testng.TestNG.runSuitesSequentially(TestNG.java:1158)
	at org.testng.TestNG.runSuitesLocally(TestNG.java:1083)
	at org.testng.TestNG.run(TestNG.java:999)
	at org.apache.maven.surefire.testng.TestNGExecutor.run(TestNGExecutor.java:293)
	at org.apache.maven.surefire.testng.TestNGXmlTestSuite.execute(TestNGXmlTestSuite.java:84)
	at org.apache.maven.surefire.testng.TestNGProvider.invoke(TestNGProvider.java:91)
	at org.apache.maven.surefire.booter.ForkedBooter.invokeProviderInSameClassLoader(ForkedBooter.java:200)
	at org.apache.maven.surefire.booter.ForkedBooter.runSuitesInProcess(ForkedBooter.java:153)
	at org.apache.maven.surefire.booter.ForkedBooter.main(ForkedBooter.java:103)
</pre></div></td>
<td>9</td>
<td>ModulesTests.IBMScoreTests@13afe78</td></tr>
<tr>
<td title='ModulesTests.IBMScoreTests.CostCalculationInUSDTest()'><b>CostCalculationInUSDTest</b><br>Test class: ModulesTests.IBMScoreTests<br>Test method: To check Cost Calculation of Estimate Cost, Negotiated Cost & Savings in USD </td>
<td><div><pre>java.lang.AssertionError:  expected:&lt;22.134&gt; but was:&lt;22.135&gt;
	at Modules.IBMScore.CostCalculationInUSD(IBMScore.java:437)
	at ModulesTests.IBMScoreTests.CostCalculationInUSDTest(IBMScoreTests.java:41)
	at org.apache.maven.surefire.testng.TestNGExecutor.run(TestNGExecutor.java:293)
	at org.apache.maven.surefire.testng.TestNGXmlTestSuite.execute(TestNGXmlTestSuite.java:84)
	at org.apache.maven.surefire.testng.TestNGProvider.invoke(TestNGProvider.java:91)
	at org.apache.maven.surefire.booter.ForkedBooter.invokeProviderInSameClassLoader(ForkedBooter.java:200)
	at org.apache.maven.surefire.booter.ForkedBooter.runSuitesInProcess(ForkedBooter.java:153)
	at org.apache.maven.surefire.booter.ForkedBooter.main(ForkedBooter.java:103)
... Removed 26 stack frames</pre></div><a href='#' onClick='toggleBox("stack-trace9531056", this, "Click to show all stack frames", "Click to hide stack frames")'>Click to show all stack frames</a>
<div class='stack-trace' id='stack-trace9531056'><pre>java.lang.AssertionError:  expected:&lt;22.134&gt; but was:&lt;22.135&gt;
	at org.testng.Assert.fail(Assert.java:89)
	at org.testng.Assert.failNotEquals(Assert.java:489)
	at org.testng.Assert.assertEquals(Assert.java:118)
	at org.testng.Assert.assertEquals(Assert.java:171)
	at Modules.IBMScore.CostCalculationInUSD(IBMScore.java:437)
	at ModulesTests.IBMScoreTests.CostCalculationInUSDTest(IBMScoreTests.java:41)
	at sun.reflect.NativeMethodAccessorImpl.invoke0(Native Method)
	at sun.reflect.NativeMethodAccessorImpl.invoke(Unknown Source)
	at sun.reflect.DelegatingMethodAccessorImpl.invoke(Unknown Source)
	at java.lang.reflect.Method.invoke(Unknown Source)
	at org.testng.internal.MethodInvocationHelper.invokeMethod(MethodInvocationHelper.java:80)
	at org.testng.internal.Invoker.invokeMethod(Invoker.java:673)
	at org.testng.internal.Invoker.invokeTestMethod(Invoker.java:842)
	at org.testng.internal.Invoker.invokeTestMethods(Invoker.java:1166)
	at org.testng.internal.TestMethodWorker.invokeTestMethods(TestMethodWorker.java:125)
	at org.testng.internal.TestMethodWorker.run(TestMethodWorker.java:109)
	at org.testng.TestRunner.runWorkers(TestRunner.java:1178)
	at org.testng.TestRunner.privateRun(TestRunner.java:757)
	at org.testng.TestRunner.run(TestRunner.java:608)
	at org.testng.SuiteRunner.runTest(SuiteRunner.java:334)
	at org.testng.SuiteRunner.runSequentially(SuiteRunner.java:329)
	at org.testng.SuiteRunner.privateRun(SuiteRunner.java:291)
	at org.testng.SuiteRunner.run(SuiteRunner.java:240)
	at org.testng.SuiteRunnerWorker.runSuite(SuiteRunnerWorker.java:52)
	at org.testng.SuiteRunnerWorker.run(SuiteRunnerWorker.java:86)
	at org.testng.TestNG.runSuitesSequentially(TestNG.java:1158)
	at org.testng.TestNG.runSuitesLocally(TestNG.java:1083)
	at org.testng.TestNG.run(TestNG.java:999)
	at org.apache.maven.surefire.testng.TestNGExecutor.run(TestNGExecutor.java:293)
	at org.apache.maven.surefire.testng.TestNGXmlTestSuite.execute(TestNGXmlTestSuite.java:84)
	at org.apache.maven.surefire.testng.TestNGProvider.invoke(TestNGProvider.java:91)
	at org.apache.maven.surefire.booter.ForkedBooter.invokeProviderInSameClassLoader(ForkedBooter.java:200)
	at org.apache.maven.surefire.booter.ForkedBooter.runSuitesInProcess(ForkedBooter.java:153)
	at org.apache.maven.surefire.booter.ForkedBooter.main(ForkedBooter.java:103)
</pre></div></td>
<td>43</td>
<td>ModulesTests.IBMScoreTests@13afe78</td></tr>
<tr>
<td title='ModulesTests.IBMScoreTests.Summition_Of_SavingsInUSD_OnApprovalPageTest()'><b>Summition_Of_SavingsInUSD_OnApprovalPageTest</b><br>Test class: ModulesTests.IBMScoreTests<br>Test method: To calculate & verify Score Saving Values with Title's value</td>
<td><div><pre>org.openqa.selenium.NoSuchElementException: no such element: Unable to locate element: {&quot;method&quot;:&quot;xpath&quot;,&quot;selector&quot;:&quot;//div[@class=&apos;title&apos;]&quot;}
  (Session info: chrome=56.0.2924.87)
  (Driver info: chromedriver=2.27.440174 (e97a722caafc2d3a8b807ee115bfb307f7d2cfd9),platform=Windows NT 10.0.14393 x86_64) (WARNING: The server did not provide any stacktrace information)
Command duration or timeout: 20.80 seconds
For documentation on this error, please visit: http://seleniumhq.org/exceptions/no_such_element.html
Build info: version: &apos;2.47.1&apos;, revision: &apos;unknown&apos;, time: &apos;2015-07-30 11:02:44&apos;
System info: host: &apos;DESKTOP-9JV455Q&apos;, ip: &apos;10.1.0.131&apos;, os.name: &apos;Windows 10&apos;, os.arch: &apos;x86&apos;, os.version: &apos;10.0&apos;, java.version: &apos;1.8.0_66&apos;
Driver info: org.openqa.selenium.chrome.ChromeDriver
Capabilities [{applicationCacheEnabled=false, rotatable=false, mobileEmulationEnabled=false, networkConnectionEnabled=false, chrome={chromedriverVersion=2.27.440174 (e97a722caafc2d3a8b807ee115bfb307f7d2cfd9), userDataDir=C:\WINDOWS\TEMP\scoped_dir5292_20193}, takesHeapSnapshot=true, pageLoadStrategy=normal, databaseEnabled=false, handlesAlerts=true, hasTouchScreen=false, version=56.0.2924.87, platform=XP, browserConnectionEnabled=false, nativeEvents=true, acceptSslCerts=true, locationContextEnabled=true, webStorageEnabled=true, browserName=chrome, takesScreenshot=true, javascriptEnabled=true, cssSelectorsEnabled=true, unexpectedAlertBehaviour=}]
Session ID: 676bc1988bedd1de1aef5807f8a06ec5
*** Element info: {Using=xpath, value=//div[@class=&apos;title&apos;]}
	at org.openqa.selenium.remote.ErrorHandler.createThrowable(ErrorHandler.java:206)
	at org.openqa.selenium.remote.ErrorHandler.throwIfResponseFailed(ErrorHandler.java:158)
	at org.openqa.selenium.remote.RemoteWebDriver.execute(RemoteWebDriver.java:595)
	at org.openqa.selenium.remote.RemoteWebDriver.findElement(RemoteWebDriver.java:348)
	at org.openqa.selenium.remote.RemoteWebDriver.findElementByXPath(RemoteWebDriver.java:445)
	at org.openqa.selenium.By$ByXPath.findElement(By.java:358)
	at org.openqa.selenium.remote.RemoteWebDriver.findElement(RemoteWebDriver.java:340)
	at org.openqa.selenium.support.pagefactory.DefaultElementLocator.findElement(DefaultElementLocator.java:69)
	at org.openqa.selenium.support.pagefactory.internal.LocatingElementHandler.invoke(LocatingElementHandler.java:38)
	at com.sun.proxy.$Proxy5.getText(Unknown Source)
	at Modules.IBMScore.Summition_Of_SavingsInUSD_OnApprovalPage(IBMScore.java:1227)
	at ModulesTests.IBMScoreTests.Summition_Of_SavingsInUSD_OnApprovalPageTest(IBMScoreTests.java:120)
	at org.apache.maven.surefire.testng.TestNGExecutor.run(TestNGExecutor.java:293)
	at org.apache.maven.surefire.testng.TestNGXmlTestSuite.execute(TestNGXmlTestSuite.java:84)
	at org.apache.maven.surefire.testng.TestNGProvider.invoke(TestNGProvider.java:91)
	at org.apache.maven.surefire.booter.ForkedBooter.invokeProviderInSameClassLoader(ForkedBooter.java:200)
	at org.apache.maven.surefire.booter.ForkedBooter.runSuitesInProcess(ForkedBooter.java:153)
	at org.apache.maven.surefire.booter.ForkedBooter.main(ForkedBooter.java:103)
... Removed 26 stack frames</pre></div><a href='#' onClick='toggleBox("stack-trace75667", this, "Click to show all stack frames", "Click to hide stack frames")'>Click to show all stack frames</a>
<div class='stack-trace' id='stack-trace75667'><pre>org.openqa.selenium.NoSuchElementException: no such element: Unable to locate element: {"method":"xpath","selector":"//div[@class='title']"}
  (Session info: chrome=56.0.2924.87)
  (Driver info: chromedriver=2.27.440174 (e97a722caafc2d3a8b807ee115bfb307f7d2cfd9),platform=Windows NT 10.0.14393 x86_64) (WARNING: The server did not provide any stacktrace information)
Command duration or timeout: 20.80 seconds
For documentation on this error, please visit: http://seleniumhq.org/exceptions/no_such_element.html
Build info: version: '2.47.1', revision: 'unknown', time: '2015-07-30 11:02:44'
System info: host: 'DESKTOP-9JV455Q', ip: '10.1.0.131', os.name: 'Windows 10', os.arch: 'x86', os.version: '10.0', java.version: '1.8.0_66'
Driver info: org.openqa.selenium.chrome.ChromeDriver
Capabilities [{applicationCacheEnabled=false, rotatable=false, mobileEmulationEnabled=false, networkConnectionEnabled=false, chrome={chromedriverVersion=2.27.440174 (e97a722caafc2d3a8b807ee115bfb307f7d2cfd9), userDataDir=C:\WINDOWS\TEMP\scoped_dir5292_20193}, takesHeapSnapshot=true, pageLoadStrategy=normal, databaseEnabled=false, handlesAlerts=true, hasTouchScreen=false, version=56.0.2924.87, platform=XP, browserConnectionEnabled=false, nativeEvents=true, acceptSslCerts=true, locationContextEnabled=true, webStorageEnabled=true, browserName=chrome, takesScreenshot=true, javascriptEnabled=true, cssSelectorsEnabled=true, unexpectedAlertBehaviour=}]
Session ID: 676bc1988bedd1de1aef5807f8a06ec5
*** Element info: {Using=xpath, value=//div[@class='title']}
	at sun.reflect.NativeConstructorAccessorImpl.newInstance0(Native Method)
	at sun.reflect.NativeConstructorAccessorImpl.newInstance(Unknown Source)
	at sun.reflect.DelegatingConstructorAccessorImpl.newInstance(Unknown Source)
	at java.lang.reflect.Constructor.newInstance(Unknown Source)
	at org.openqa.selenium.remote.ErrorHandler.createThrowable(ErrorHandler.java:206)
	at org.openqa.selenium.remote.ErrorHandler.throwIfResponseFailed(ErrorHandler.java:158)
	at org.openqa.selenium.remote.RemoteWebDriver.execute(RemoteWebDriver.java:595)
	at org.openqa.selenium.remote.RemoteWebDriver.findElement(RemoteWebDriver.java:348)
	at org.openqa.selenium.remote.RemoteWebDriver.findElementByXPath(RemoteWebDriver.java:445)
	at org.openqa.selenium.By$ByXPath.findElement(By.java:358)
	at org.openqa.selenium.remote.RemoteWebDriver.findElement(RemoteWebDriver.java:340)
	at org.openqa.selenium.support.pagefactory.DefaultElementLocator.findElement(DefaultElementLocator.java:69)
	at org.openqa.selenium.support.pagefactory.internal.LocatingElementHandler.invoke(LocatingElementHandler.java:38)
	at com.sun.proxy.$Proxy5.getText(Unknown Source)
	at Modules.IBMScore.Summition_Of_SavingsInUSD_OnApprovalPage(IBMScore.java:1227)
	at ModulesTests.IBMScoreTests.Summition_Of_SavingsInUSD_OnApprovalPageTest(IBMScoreTests.java:120)
	at sun.reflect.NativeMethodAccessorImpl.invoke0(Native Method)
	at sun.reflect.NativeMethodAccessorImpl.invoke(Unknown Source)
	at sun.reflect.DelegatingMethodAccessorImpl.invoke(Unknown Source)
	at java.lang.reflect.Method.invoke(Unknown Source)
	at org.testng.internal.MethodInvocationHelper.invokeMethod(MethodInvocationHelper.java:80)
	at org.testng.internal.Invoker.invokeMethod(Invoker.java:673)
	at org.testng.internal.Invoker.invokeTestMethod(Invoker.java:842)
	at org.testng.internal.Invoker.invokeTestMethods(Invoker.java:1166)
	at org.testng.internal.TestMethodWorker.invokeTestMethods(TestMethodWorker.java:125)
	at org.testng.internal.TestMethodWorker.run(TestMethodWorker.java:109)
	at org.testng.TestRunner.runWorkers(TestRunner.java:1178)
	at org.testng.TestRunner.privateRun(TestRunner.java:757)
	at org.testng.TestRunner.run(TestRunner.java:608)
	at org.testng.SuiteRunner.runTest(SuiteRunner.java:334)
	at org.testng.SuiteRunner.runSequentially(SuiteRunner.java:329)
	at org.testng.SuiteRunner.privateRun(SuiteRunner.java:291)
	at org.testng.SuiteRunner.run(SuiteRunner.java:240)
	at org.testng.SuiteRunnerWorker.runSuite(SuiteRunnerWorker.java:52)
	at org.testng.SuiteRunnerWorker.run(SuiteRunnerWorker.java:86)
	at org.testng.TestNG.runSuitesSequentially(TestNG.java:1158)
	at org.testng.TestNG.runSuitesLocally(TestNG.java:1083)
	at org.testng.TestNG.run(TestNG.java:999)
	at org.apache.maven.surefire.testng.TestNGExecutor.run(TestNGExecutor.java:293)
	at org.apache.maven.surefire.testng.TestNGXmlTestSuite.execute(TestNGXmlTestSuite.java:84)
	at org.apache.maven.surefire.testng.TestNGProvider.invoke(TestNGProvider.java:91)
	at org.apache.maven.surefire.booter.ForkedBooter.invokeProviderInSameClassLoader(ForkedBooter.java:200)
	at org.apache.maven.surefire.booter.ForkedBooter.runSuitesInProcess(ForkedBooter.java:153)
	at org.apache.maven.surefire.booter.ForkedBooter.main(ForkedBooter.java:103)
</pre></div></td>
<td>34</td>
<td>ModulesTests.IBMScoreTests@13afe78</td></tr>
</table><p>
<table width='100%' border='1' class='invocation-passed'>
<tr><td colspan='4' align='center'><b>PASSED TESTS</b></td></tr>
<tr><td><b>Test method</b></td>
<td width="30%"><b>Exception</b></td>
<td width="10%"><b>Time (seconds)</b></td>
<td><b>Instance</b></td>
</tr>
<tr>
<td title='ModulesTests.IBMScoreTests.ClientCodeFunctionalityTest()'><b>ClientCodeFunctionalityTest</b><br>Test class: ModulesTests.IBMScoreTests<br>Test method: To verify SCORE_Non_BU_Specific_Required when we select Non BU when Client Code = 1208- IBM</td>
<td></td>
<td>45</td>
<td>ModulesTests.IBMScoreTests@13afe78</td></tr>
<tr>
<td title='ModulesTests.IBMScoreTests.Corporate_Officer_FunctionalityTest()'><b>Corporate_Officer_FunctionalityTest</b><br>Test class: ModulesTests.IBMScoreTests<br>Test method: To check for Corporate Officer user's privileges i.e. Shoud grant to access all aprrovals like Submission, Regional, Quarterly & Corporate Aprrovals </td>
<td></td>
<td>161</td>
<td>ModulesTests.IBMScoreTests@13afe78</td></tr>
<tr>
<td title='ModulesTests.IBMScoreTests.Entry_Date_Validation_QuarterTest()'><b>Entry_Date_Validation_QuarterTest</b><br>Test class: ModulesTests.IBMScoreTests<br>Test method: To Verify Entry_Date_Validation_Quarter </td>
<td></td>
<td>35</td>
<td>ModulesTests.IBMScoreTests@13afe78</td></tr>
<tr>
<td title='ModulesTests.IBMScoreTests.Estimated_and_Negotiated_ValidationTest()'><b>Estimated_and_Negotiated_ValidationTest</b><br>Test class: ModulesTests.IBMScoreTests<br>Test method: To Verify Estimated and Negotiated Validation </td>
<td></td>
<td>33</td>
<td>ModulesTests.IBMScoreTests@13afe78</td></tr>
<tr>
<td title='ModulesTests.IBMScoreTests.Field_Officer_FunctionalityTest()'><b>Field_Officer_FunctionalityTest</b><br>Test class: ModulesTests.IBMScoreTests<br>Test method: To check for Field Officer user's privileges i.e. Shoudn't grant to access Regional, Quarterly Approval & Corporate Aprrovals </td>
<td></td>
<td>137</td>
<td>ModulesTests.IBMScoreTests@13afe78</td></tr>
<tr>
<td title='ModulesTests.IBMScoreTests.GPJSCORECostSavingRecordSubmissionTest()'><b>GPJSCORECostSavingRecordSubmissionTest</b><br>Test class: ModulesTests.IBMScoreTests<br>Test method: To Verify after submitting Score Cost Saving Record, its Status getting changed to 'Submitted' or NOT </td>
<td></td>
<td>57</td>
<td>ModulesTests.IBMScoreTests@13afe78</td></tr>
<tr>
<td title='ModulesTests.IBMScoreTests.JDE_Project_FunctionalityTest()'><b>JDE_Project_FunctionalityTest</b><br>Test class: ModulesTests.IBMScoreTests<br>Test method: To Verify after selecting JDE Project, its Event details are getting populate or not </td>
<td></td>
<td>48</td>
<td>ModulesTests.IBMScoreTests@13afe78</td></tr>
<tr>
<td title='ModulesTests.IBMScoreTests.Only_RecordOwner_Allowed_To_Submit_ScoreTest()'><b>Only_RecordOwner_Allowed_To_Submit_ScoreTest</b><br>Test class: ModulesTests.IBMScoreTests<br>Test method: To verify Only Record Owner Allowed To Submit Score </td>
<td></td>
<td>55</td>
<td>ModulesTests.IBMScoreTests@13afe78</td></tr>
<tr>
<td title='ModulesTests.IBMScoreTests.Regional_Officer_FunctionalityTest()'><b>Regional_Officer_FunctionalityTest</b><br>Test class: ModulesTests.IBMScoreTests<br>Test method: To check for Regional Officer user's privileges i.e. Shoudn't grant to access Corporate Aprrovals </td>
<td></td>
<td>184</td>
<td>ModulesTests.IBMScoreTests@13afe78</td></tr>
<tr>
<td title='ModulesTests.IBMScoreTests.SCORE_Date_Validation_QuarterTest()'><b>SCORE_Date_Validation_QuarterTest</b><br>Test class: ModulesTests.IBMScoreTests<br>Test method: To Verify SCORE_Date_Validation_Quarter </td>
<td></td>
<td>30</td>
<td>ModulesTests.IBMScoreTests@13afe78</td></tr>
<tr>
<td title='ModulesTests.IBMScoreTests.Verify_Draft_SCORE_All_Aprroval_For_RegionalUserTest()'><b>Verify_Draft_SCORE_All_Aprroval_For_RegionalUserTest</b><br>Test class: ModulesTests.IBMScoreTests<br>Test method: To verify while approving 'Draft' Score, getting proper error message or not using Regional User credentials. </td>
<td></td>
<td>154</td>
<td>ModulesTests.IBMScoreTests@13afe78</td></tr>
<tr>
<td title='ModulesTests.IBMScoreTests.otherClientCodeFunctionalityTest()'><b>otherClientCodeFunctionalityTest</b><br>Test class: ModulesTests.IBMScoreTests<br>Test method: To Check, Non BU Specific Sub Program picklist value is not mandatory if Client Code is other than 1208- IBM </td>
<td></td>
<td>32</td>
<td>ModulesTests.IBMScoreTests@13afe78</td></tr>
</table><p>
</body>
</html>