<!DOCTYPE html PUBLIC "-//W3C//DTD XHTML 1.1//EN" "http://www.w3.org/TR/xhtml11/DTD/xhtml11.dtd">
<html xmlns="http://www.w3.org/1999/xhtml"><head><title>TestNG Report</title><style type="text/css">table {margin-bottom:10px;border-collapse:collapse;empty-cells:show}th,td {border:1px solid #009;padding:.25em .5em}th {vertical-align:bottom}td {vertical-align:top}table a {font-weight:bold}.stripe td {background-color: #E6EBF9}.num {text-align:right}.passedodd td {background-color: #3F3}.passedeven td {background-color: #0A0}.skippedodd td {background-color: #DDD}.skippedeven td {background-color: #CCC}.failedodd td,.attn {background-color: #F33}.failedeven td,.stripe .attn {background-color: #D00}.stacktrace {white-space:pre;font-family:monospace}.totop {font-size:85%;text-align:center;border-bottom:2px solid #000}</style></head><body><table><tr><th>Test</th><th># Passed</th><th># Skipped</th><th># Failed</th><th>Time (ms)</th><th>Included Groups</th><th>Excluded Groups</th></tr><tr><th colspan="7">Suite</th></tr><tr><td><a href="#t0">Test</a></td><td class="num">13</td><td class="num">0</td><td class="num attn">2</td><td class="num">1,531,880</td><td></td><td></td></tr></table><table><thead><tr><th>Class</th><th>Method</th><th>Start</th><th>Time (ms)</th></tr></thead><tbody><tr><th colspan="4">Suite</th></tr></tbody><tbody id="t0"><tr><th colspan="4">Test &#8212; failed</th></tr><tr class="failedeven"><td rowspan="2">ModulesTests.IBMScoreTests</td><td><a href="#m0">CostCalculationInUSDTest</a></td><td rowspan="1">1488274051769</td><td rowspan="1">35287</td></tr><tr class="failedeven"><td><a href="#m1">Summition_Of_SavingsInUSD_OnApprovalPageTest</a></td><td rowspan="1">1488275145847</td><td rowspan="1">347146</td></tr><tr><th colspan="4">Test &#8212; passed</th></tr><tr class="passedeven"><td rowspan="13">ModulesTests.IBMScoreTests</td><td><a href="#m2">ClientCodeFunctionalityTest</a></td><td rowspan="1">1488273961148</td><td rowspan="1">55172</td></tr><tr class="passedeven"><td><a href="#m3">Corporate_Approval_Not_Deleted_By_FieldandRegionalUsersTest</a></td><td rowspan="1">1488275091381</td><td rowspan="1">54465</td></tr><tr class="passedeven"><td><a href="#m4">Corporate_Officer_FunctionalityTest</a></td><td rowspan="1">1488274669431</td><td rowspan="1">184282</td></tr><tr class="passedeven"><td><a href="#m5">Entry_Date_Validation_QuarterTest</a></td><td rowspan="1">1488274087056</td><td rowspan="1">33708</td></tr><tr class="passedeven"><td><a href="#m6">Estimated_and_Negotiated_ValidationTest</a></td><td rowspan="1">1488274016344</td><td rowspan="1">35424</td></tr><tr class="passedeven"><td><a href="#m7">Field_Officer_FunctionalityTest</a></td><td rowspan="1">1488274300536</td><td rowspan="1">154673</td></tr><tr class="passedeven"><td><a href="#m8">GPJSCORECostSavingRecordSubmissionTest</a></td><td rowspan="1">1488274240032</td><td rowspan="1">60504</td></tr><tr class="passedeven"><td><a href="#m9">JDE_Project_FunctionalityTest</a></td><td rowspan="1">1488274152906</td><td rowspan="1">49520</td></tr><tr class="passedeven"><td><a href="#m10">Only_RecordOwner_Allowed_To_Submit_ScoreTest</a></td><td rowspan="1">1488275026808</td><td rowspan="1">64572</td></tr><tr class="passedeven"><td><a href="#m11">Regional_Officer_FunctionalityTest</a></td><td rowspan="1">1488274455210</td><td rowspan="1">214220</td></tr><tr class="passedeven"><td><a href="#m12">SCORE_Date_Validation_QuarterTest</a></td><td rowspan="1">1488274120765</td><td rowspan="1">32140</td></tr><tr class="passedeven"><td><a href="#m13">Verify_Draft_SCORE_All_Aprroval_For_RegionalUserTest</a></td><td rowspan="1">1488274853714</td><td rowspan="1">173093</td></tr><tr class="passedeven"><td><a href="#m14">otherClientCodeFunctionalityTest</a></td><td rowspan="1">1488274202426</td><td rowspan="1">37606</td></tr></tbody></table><h2>Test</h2><h3 id="m0">ModulesTests.IBMScoreTests#CostCalculationInUSDTest</h3><table class="result"><tr><th>Exception</th></tr><tr><td><div class="stacktrace">java.lang.AssertionError:  expected [22.134] but found [22.135]
	at Modules.IBMScore.CostCalculationInUSD(IBMScore.java:437)
	at ModulesTests.IBMScoreTests.CostCalculationInUSDTest(IBMScoreTests.java:41)
... Removed 27 stack frames</div></td></tr></table><p class="totop"><a href="#summary">back to summary</a></p><h3 id="m1">ModulesTests.IBMScoreTests#Summition_Of_SavingsInUSD_OnApprovalPageTest</h3><table class="result"><tr><th>Exception</th></tr><tr><td><div class="stacktrace">org.openqa.selenium.NoSuchElementException: no such element: Unable to locate element: {&quot;method&quot;:&quot;id&quot;,&quot;selector&quot;:&quot;ext-gen11&quot;}
  (Session info: chrome=56.0.2924.87)
  (Driver info: chromedriver=2.27.440174 (e97a722caafc2d3a8b807ee115bfb307f7d2cfd9),platform=Windows NT 10.0.14393 x86_64) (WARNING: The server did not provide any stacktrace information)
Command duration or timeout: 20.17 seconds
For documentation on this error, please visit: http://seleniumhq.org/exceptions/no_such_element.html
Build info: version: &apos;unknown&apos;, revision: &apos;c7b525d&apos;, time: &apos;2016-09-01 14:52:30 -0700&apos;
System info: host: &apos;DESKTOP-9JV455Q&apos;, ip: &apos;10.1.0.131&apos;, os.name: &apos;Windows 10&apos;, os.arch: &apos;amd64&apos;, os.version: &apos;10.0&apos;, java.version: &apos;1.8.0_111&apos;
Driver info: org.openqa.selenium.chrome.ChromeDriver
Capabilities [{applicationCacheEnabled=false, rotatable=false, mobileEmulationEnabled=false, networkConnectionEnabled=false, chrome={chromedriverVersion=2.27.440174 (e97a722caafc2d3a8b807ee115bfb307f7d2cfd9), userDataDir=C:\Users\DELL\AppData\Local\Temp\scoped_dir1736_11966}, takesHeapSnapshot=true, pageLoadStrategy=normal, databaseEnabled=false, handlesAlerts=true, hasTouchScreen=false, version=56.0.2924.87, platform=XP, browserConnectionEnabled=false, nativeEvents=true, acceptSslCerts=true, locationContextEnabled=true, webStorageEnabled=true, browserName=chrome, takesScreenshot=true, javascriptEnabled=true, cssSelectorsEnabled=true, unexpectedAlertBehaviour=}]
Session ID: a37903c8d95c15e8ce55d9ec2f13617d
*** Element info: {Using=id, value=ext-gen11}
	at org.openqa.selenium.remote.ErrorHandler.createThrowable(ErrorHandler.java:206)
	at org.openqa.selenium.remote.ErrorHandler.throwIfResponseFailed(ErrorHandler.java:158)
	at org.openqa.selenium.remote.RemoteWebDriver.execute(RemoteWebDriver.java:631)
	at org.openqa.selenium.remote.RemoteWebDriver.findElement(RemoteWebDriver.java:369)
	at org.openqa.selenium.remote.RemoteWebDriver.findElementById(RemoteWebDriver.java:418)
	at org.openqa.selenium.By$ById.findElement(By.java:218)
	at org.openqa.selenium.remote.RemoteWebDriver.findElement(RemoteWebDriver.java:361)
	at Modules.IBMScore.Summition_Of_SavingsInUSD_OnApprovalPage(IBMScore.java:1213)
	at ModulesTests.IBMScoreTests.Summition_Of_SavingsInUSD_OnApprovalPageTest(IBMScoreTests.java:120)
... Removed 27 stack frames</div></td></tr></table><p class="totop"><a href="#summary">back to summary</a></p><h3 id="m2">ModulesTests.IBMScoreTests#ClientCodeFunctionalityTest</h3><table class="result"></table><p class="totop"><a href="#summary">back to summary</a></p><h3 id="m3">ModulesTests.IBMScoreTests#Corporate_Approval_Not_Deleted_By_FieldandRegionalUsersTest</h3><table class="result"></table><p class="totop"><a href="#summary">back to summary</a></p><h3 id="m4">ModulesTests.IBMScoreTests#Corporate_Officer_FunctionalityTest</h3><table class="result"></table><p class="totop"><a href="#summary">back to summary</a></p><h3 id="m5">ModulesTests.IBMScoreTests#Entry_Date_Validation_QuarterTest</h3><table class="result"></table><p class="totop"><a href="#summary">back to summary</a></p><h3 id="m6">ModulesTests.IBMScoreTests#Estimated_and_Negotiated_ValidationTest</h3><table class="result"></table><p class="totop"><a href="#summary">back to summary</a></p><h3 id="m7">ModulesTests.IBMScoreTests#Field_Officer_FunctionalityTest</h3><table class="result"></table><p class="totop"><a href="#summary">back to summary</a></p><h3 id="m8">ModulesTests.IBMScoreTests#GPJSCORECostSavingRecordSubmissionTest</h3><table class="result"></table><p class="totop"><a href="#summary">back to summary</a></p><h3 id="m9">ModulesTests.IBMScoreTests#JDE_Project_FunctionalityTest</h3><table class="result"></table><p class="totop"><a href="#summary">back to summary</a></p><h3 id="m10">ModulesTests.IBMScoreTests#Only_RecordOwner_Allowed_To_Submit_ScoreTest</h3><table class="result"></table><p class="totop"><a href="#summary">back to summary</a></p><h3 id="m11">ModulesTests.IBMScoreTests#Regional_Officer_FunctionalityTest</h3><table class="result"></table><p class="totop"><a href="#summary">back to summary</a></p><h3 id="m12">ModulesTests.IBMScoreTests#SCORE_Date_Validation_QuarterTest</h3><table class="result"></table><p class="totop"><a href="#summary">back to summary</a></p><h3 id="m13">ModulesTests.IBMScoreTests#Verify_Draft_SCORE_All_Aprroval_For_RegionalUserTest</h3><table class="result"></table><p class="totop"><a href="#summary">back to summary</a></p><h3 id="m14">ModulesTests.IBMScoreTests#otherClientCodeFunctionalityTest</h3><table class="result"></table><p class="totop"><a href="#summary">back to summary</a></p></body></html>