<html>
<head>
<title>TestNG:  Test</title>
<link href="../testng.css" rel="stylesheet" type="text/css" />
<link href="../my-testng.css" rel="stylesheet" type="text/css" />

<style type="text/css">
.log { display: none;} 
.stack-trace { display: none;} 
</style>
<script type="text/javascript">
<!--
function flip(e) {
  current = e.style.display;
  if (current == 'block') {
    e.style.display = 'none';
    return 0;
  }
  else {
    e.style.display = 'block';
    return 1;
  }
}

function toggleBox(szDivId, elem, msg1, msg2)
{
  var res = -1;  if (document.getElementById) {
    res = flip(document.getElementById(szDivId));
  }
  else if (document.all) {
    // this is the way old msie versions work
    res = flip(document.all[szDivId]);
  }
  if(elem) {
    if(res == 0) elem.innerHTML = msg1; else elem.innerHTML = msg2;
  }

}

function toggleAllBoxes() {
  if (document.getElementsByTagName) {
    d = document.getElementsByTagName('div');
    for (i = 0; i < d.length; i++) {
      if (d[i].className == 'log') {
        flip(d[i]);
      }
    }
  }
}

// -->
</script>

</head>
<body>
<h2 align='center'>Test</h2><table border='1' align="center">
<tr>
<td>Tests passed/Failed/Skipped:</td><td>13/2/0</td>
</tr><tr>
<td>Started on:</td><td>Tue Feb 28 14:56:01 IST 2017</td>
</tr>
<tr><td>Total time:</td><td>1531 seconds (1531880 ms)</td>
</tr><tr>
<td>Included groups:</td><td></td>
</tr><tr>
<td>Excluded groups:</td><td></td>
</tr>
</table><p/>
<small><i>(Hover the method name to see the test class name)</i></small><p/>
<table width='100%' border='1' class='invocation-failed'>
<tr><td colspan='4' align='center'><b>FAILED TESTS</b></td></tr>
<tr><td><b>Test method</b></td>
<td width="30%"><b>Exception</b></td>
<td width="10%"><b>Time (seconds)</b></td>
<td><b>Instance</b></td>
</tr>
<tr>
<td title='ModulesTests.IBMScoreTests.CostCalculationInUSDTest()'><b>CostCalculationInUSDTest</b><br>Test class: ModulesTests.IBMScoreTests<br>Test method: To check Cost Calculation of Estimate Cost, Negotiated Cost & Savings in USD </td>
<td><div><pre>java.lang.AssertionError:  expected [22.134] but found [22.135]
	at Modules.IBMScore.CostCalculationInUSD(IBMScore.java:437)
	at ModulesTests.IBMScoreTests.CostCalculationInUSDTest(IBMScoreTests.java:41)
... Removed 27 stack frames</pre></div><a href='#' onClick='toggleBox("stack-trace1421866327", this, "Click to show all stack frames", "Click to hide stack frames")'>Click to show all stack frames</a>
<div class='stack-trace' id='stack-trace1421866327'><pre>java.lang.AssertionError:  expected [22.134] but found [22.135]
	at org.testng.Assert.fail(Assert.java:94)
	at org.testng.Assert.failNotEquals(Assert.java:496)
	at org.testng.Assert.assertEquals(Assert.java:125)
	at org.testng.Assert.assertEquals(Assert.java:178)
	at Modules.IBMScore.CostCalculationInUSD(IBMScore.java:437)
	at ModulesTests.IBMScoreTests.CostCalculationInUSDTest(IBMScoreTests.java:41)
	at sun.reflect.NativeMethodAccessorImpl.invoke0(Native Method)
	at sun.reflect.NativeMethodAccessorImpl.invoke(Unknown Source)
	at sun.reflect.DelegatingMethodAccessorImpl.invoke(Unknown Source)
	at java.lang.reflect.Method.invoke(Unknown Source)
	at org.testng.internal.MethodInvocationHelper.invokeMethod(MethodInvocationHelper.java:85)
	at org.testng.internal.Invoker.invokeMethod(Invoker.java:639)
	at org.testng.internal.Invoker.invokeTestMethod(Invoker.java:816)
	at org.testng.internal.Invoker.invokeTestMethods(Invoker.java:1124)
	at org.testng.internal.TestMethodWorker.invokeTestMethods(TestMethodWorker.java:125)
	at org.testng.internal.TestMethodWorker.run(TestMethodWorker.java:108)
	at org.testng.TestRunner.privateRun(TestRunner.java:774)
	at org.testng.TestRunner.run(TestRunner.java:624)
	at org.testng.SuiteRunner.runTest(SuiteRunner.java:359)
	at org.testng.SuiteRunner.runSequentially(SuiteRunner.java:354)
	at org.testng.SuiteRunner.privateRun(SuiteRunner.java:312)
	at org.testng.SuiteRunner.run(SuiteRunner.java:261)
	at org.testng.SuiteRunnerWorker.runSuite(SuiteRunnerWorker.java:52)
	at org.testng.SuiteRunnerWorker.run(SuiteRunnerWorker.java:86)
	at org.testng.TestNG.runSuitesSequentially(TestNG.java:1215)
	at org.testng.TestNG.runSuitesLocally(TestNG.java:1140)
	at org.testng.TestNG.run(TestNG.java:1048)
	at org.testng.TestNG.privateMain(TestNG.java:1355)
	at org.testng.TestNG.main(TestNG.java:1324)
</pre></div></td>
<td>35</td>
<td>ModulesTests.IBMScoreTests@7006c658</td></tr>
<tr>
<td title='ModulesTests.IBMScoreTests.Summition_Of_SavingsInUSD_OnApprovalPageTest()'><b>Summition_Of_SavingsInUSD_OnApprovalPageTest</b><br>Test class: ModulesTests.IBMScoreTests<br>Test method: To calculate & verify Score Saving Values with Title's value</td>
<td><div><pre>org.openqa.selenium.NoSuchElementException: no such element: Unable to locate element: {&quot;method&quot;:&quot;id&quot;,&quot;selector&quot;:&quot;ext-gen11&quot;}
  (Session info: chrome=56.0.2924.87)
  (Driver info: chromedriver=2.27.440174 (e97a722caafc2d3a8b807ee115bfb307f7d2cfd9),platform=Windows NT 10.0.14393 x86_64) (WARNING: The server did not provide any stacktrace information)
Command duration or timeout: 20.17 seconds
For documentation on this error, please visit: http://seleniumhq.org/exceptions/no_such_element.html
Build info: version: &apos;unknown&apos;, revision: &apos;c7b525d&apos;, time: &apos;2016-09-01 14:52:30 -0700&apos;
System info: host: &apos;DESKTOP-9JV455Q&apos;, ip: &apos;10.1.0.131&apos;, os.name: &apos;Windows 10&apos;, os.arch: &apos;amd64&apos;, os.version: &apos;10.0&apos;, java.version: &apos;1.8.0_111&apos;
Driver info: org.openqa.selenium.chrome.ChromeDriver
Capabilities [{applicationCacheEnabled=false, rotatable=false, mobileEmulationEnabled=false, networkConnectionEnabled=false, chrome={chromedriverVersion=2.27.440174 (e97a722caafc2d3a8b807ee115bfb307f7d2cfd9), userDataDir=C:\Users\DELL\AppData\Local\Temp\scoped_dir1736_11966}, takesHeapSnapshot=true, pageLoadStrategy=normal, databaseEnabled=false, handlesAlerts=true, hasTouchScreen=false, version=56.0.2924.87, platform=XP, browserConnectionEnabled=false, nativeEvents=true, acceptSslCerts=true, locationContextEnabled=true, webStorageEnabled=true, browserName=chrome, takesScreenshot=true, javascriptEnabled=true, cssSelectorsEnabled=true, unexpectedAlertBehaviour=}]
Session ID: a37903c8d95c15e8ce55d9ec2f13617d
*** Element info: {Using=id, value=ext-gen11}
	at org.openqa.selenium.remote.ErrorHandler.createThrowable(ErrorHandler.java:206)
	at org.openqa.selenium.remote.ErrorHandler.throwIfResponseFailed(ErrorHandler.java:158)
	at org.openqa.selenium.remote.RemoteWebDriver.execute(RemoteWebDriver.java:631)
	at org.openqa.selenium.remote.RemoteWebDriver.findElement(RemoteWebDriver.java:369)
	at org.openqa.selenium.remote.RemoteWebDriver.findElementById(RemoteWebDriver.java:418)
	at org.openqa.selenium.By$ById.findElement(By.java:218)
	at org.openqa.selenium.remote.RemoteWebDriver.findElement(RemoteWebDriver.java:361)
	at Modules.IBMScore.Summition_Of_SavingsInUSD_OnApprovalPage(IBMScore.java:1213)
	at ModulesTests.IBMScoreTests.Summition_Of_SavingsInUSD_OnApprovalPageTest(IBMScoreTests.java:120)
... Removed 27 stack frames</pre></div><a href='#' onClick='toggleBox("stack-trace366803687", this, "Click to show all stack frames", "Click to hide stack frames")'>Click to show all stack frames</a>
<div class='stack-trace' id='stack-trace366803687'><pre>org.openqa.selenium.NoSuchElementException: no such element: Unable to locate element: {&quot;method&quot;:&quot;id&quot;,&quot;selector&quot;:&quot;ext-gen11&quot;}
  (Session info: chrome=56.0.2924.87)
  (Driver info: chromedriver=2.27.440174 (e97a722caafc2d3a8b807ee115bfb307f7d2cfd9),platform=Windows NT 10.0.14393 x86_64) (WARNING: The server did not provide any stacktrace information)
Command duration or timeout: 20.17 seconds
For documentation on this error, please visit: http://seleniumhq.org/exceptions/no_such_element.html
Build info: version: &apos;unknown&apos;, revision: &apos;c7b525d&apos;, time: &apos;2016-09-01 14:52:30 -0700&apos;
System info: host: &apos;DESKTOP-9JV455Q&apos;, ip: &apos;10.1.0.131&apos;, os.name: &apos;Windows 10&apos;, os.arch: &apos;amd64&apos;, os.version: &apos;10.0&apos;, java.version: &apos;1.8.0_111&apos;
Driver info: org.openqa.selenium.chrome.ChromeDriver
Capabilities [{applicationCacheEnabled=false, rotatable=false, mobileEmulationEnabled=false, networkConnectionEnabled=false, chrome={chromedriverVersion=2.27.440174 (e97a722caafc2d3a8b807ee115bfb307f7d2cfd9), userDataDir=C:\Users\DELL\AppData\Local\Temp\scoped_dir1736_11966}, takesHeapSnapshot=true, pageLoadStrategy=normal, databaseEnabled=false, handlesAlerts=true, hasTouchScreen=false, version=56.0.2924.87, platform=XP, browserConnectionEnabled=false, nativeEvents=true, acceptSslCerts=true, locationContextEnabled=true, webStorageEnabled=true, browserName=chrome, takesScreenshot=true, javascriptEnabled=true, cssSelectorsEnabled=true, unexpectedAlertBehaviour=}]
Session ID: a37903c8d95c15e8ce55d9ec2f13617d
*** Element info: {Using=id, value=ext-gen11}
	at sun.reflect.NativeConstructorAccessorImpl.newInstance0(Native Method)
	at sun.reflect.NativeConstructorAccessorImpl.newInstance(Unknown Source)
	at sun.reflect.DelegatingConstructorAccessorImpl.newInstance(Unknown Source)
	at java.lang.reflect.Constructor.newInstance(Unknown Source)
	at org.openqa.selenium.remote.ErrorHandler.createThrowable(ErrorHandler.java:206)
	at org.openqa.selenium.remote.ErrorHandler.throwIfResponseFailed(ErrorHandler.java:158)
	at org.openqa.selenium.remote.RemoteWebDriver.execute(RemoteWebDriver.java:631)
	at org.openqa.selenium.remote.RemoteWebDriver.findElement(RemoteWebDriver.java:369)
	at org.openqa.selenium.remote.RemoteWebDriver.findElementById(RemoteWebDriver.java:418)
	at org.openqa.selenium.By$ById.findElement(By.java:218)
	at org.openqa.selenium.remote.RemoteWebDriver.findElement(RemoteWebDriver.java:361)
	at Modules.IBMScore.Summition_Of_SavingsInUSD_OnApprovalPage(IBMScore.java:1213)
	at ModulesTests.IBMScoreTests.Summition_Of_SavingsInUSD_OnApprovalPageTest(IBMScoreTests.java:120)
	at sun.reflect.NativeMethodAccessorImpl.invoke0(Native Method)
	at sun.reflect.NativeMethodAccessorImpl.invoke(Unknown Source)
	at sun.reflect.DelegatingMethodAccessorImpl.invoke(Unknown Source)
	at java.lang.reflect.Method.invoke(Unknown Source)
	at org.testng.internal.MethodInvocationHelper.invokeMethod(MethodInvocationHelper.java:85)
	at org.testng.internal.Invoker.invokeMethod(Invoker.java:639)
	at org.testng.internal.Invoker.invokeTestMethod(Invoker.java:816)
	at org.testng.internal.Invoker.invokeTestMethods(Invoker.java:1124)
	at org.testng.internal.TestMethodWorker.invokeTestMethods(TestMethodWorker.java:125)
	at org.testng.internal.TestMethodWorker.run(TestMethodWorker.java:108)
	at org.testng.TestRunner.privateRun(TestRunner.java:774)
	at org.testng.TestRunner.run(TestRunner.java:624)
	at org.testng.SuiteRunner.runTest(SuiteRunner.java:359)
	at org.testng.SuiteRunner.runSequentially(SuiteRunner.java:354)
	at org.testng.SuiteRunner.privateRun(SuiteRunner.java:312)
	at org.testng.SuiteRunner.run(SuiteRunner.java:261)
	at org.testng.SuiteRunnerWorker.runSuite(SuiteRunnerWorker.java:52)
	at org.testng.SuiteRunnerWorker.run(SuiteRunnerWorker.java:86)
	at org.testng.TestNG.runSuitesSequentially(TestNG.java:1215)
	at org.testng.TestNG.runSuitesLocally(TestNG.java:1140)
	at org.testng.TestNG.run(TestNG.java:1048)
	at org.testng.TestNG.privateMain(TestNG.java:1355)
	at org.testng.TestNG.main(TestNG.java:1324)
</pre></div></td>
<td>347</td>
<td>ModulesTests.IBMScoreTests@7006c658</td></tr>
</table><p>
<table width='100%' border='1' class='invocation-passed'>
<tr><td colspan='4' align='center'><b>PASSED TESTS</b></td></tr>
<tr><td><b>Test method</b></td>
<td width="30%"><b>Exception</b></td>
<td width="10%"><b>Time (seconds)</b></td>
<td><b>Instance</b></td>
</tr>
<tr>
<td title='ModulesTests.IBMScoreTests.ClientCodeFunctionalityTest()'><b>ClientCodeFunctionalityTest</b><br>Test class: ModulesTests.IBMScoreTests<br>Test method: To verify SCORE_Non_BU_Specific_Required when we select Non BU when Client Code = 1208- IBM</td>
<td></td>
<td>55</td>
<td>ModulesTests.IBMScoreTests@7006c658</td></tr>
<tr>
<td title='ModulesTests.IBMScoreTests.Corporate_Approval_Not_Deleted_By_FieldandRegionalUsersTest()'><b>Corporate_Approval_Not_Deleted_By_FieldandRegionalUsersTest</b><br>Test class: ModulesTests.IBMScoreTests<br>Test method: To check Corporate Approval Not Deleted By Field and Regional Users</td>
<td></td>
<td>54</td>
<td>ModulesTests.IBMScoreTests@7006c658</td></tr>
<tr>
<td title='ModulesTests.IBMScoreTests.Corporate_Officer_FunctionalityTest()'><b>Corporate_Officer_FunctionalityTest</b><br>Test class: ModulesTests.IBMScoreTests<br>Test method: To check for Corporate Officer user's privileges i.e. Shoud grant to access all aprrovals like Submission, Regional, Quarterly & Corporate Aprrovals </td>
<td></td>
<td>184</td>
<td>ModulesTests.IBMScoreTests@7006c658</td></tr>
<tr>
<td title='ModulesTests.IBMScoreTests.Entry_Date_Validation_QuarterTest()'><b>Entry_Date_Validation_QuarterTest</b><br>Test class: ModulesTests.IBMScoreTests<br>Test method: To Verify Entry_Date_Validation_Quarter </td>
<td></td>
<td>33</td>
<td>ModulesTests.IBMScoreTests@7006c658</td></tr>
<tr>
<td title='ModulesTests.IBMScoreTests.Estimated_and_Negotiated_ValidationTest()'><b>Estimated_and_Negotiated_ValidationTest</b><br>Test class: ModulesTests.IBMScoreTests<br>Test method: To Verify Estimated and Negotiated Validation </td>
<td></td>
<td>35</td>
<td>ModulesTests.IBMScoreTests@7006c658</td></tr>
<tr>
<td title='ModulesTests.IBMScoreTests.Field_Officer_FunctionalityTest()'><b>Field_Officer_FunctionalityTest</b><br>Test class: ModulesTests.IBMScoreTests<br>Test method: To check for Field Officer user's privileges i.e. Shoudn't grant to access Regional, Quarterly Approval & Corporate Aprrovals </td>
<td></td>
<td>154</td>
<td>ModulesTests.IBMScoreTests@7006c658</td></tr>
<tr>
<td title='ModulesTests.IBMScoreTests.GPJSCORECostSavingRecordSubmissionTest()'><b>GPJSCORECostSavingRecordSubmissionTest</b><br>Test class: ModulesTests.IBMScoreTests<br>Test method: To Verify after submitting Score Cost Saving Record, its Status getting changed to 'Submitted' or NOT </td>
<td></td>
<td>60</td>
<td>ModulesTests.IBMScoreTests@7006c658</td></tr>
<tr>
<td title='ModulesTests.IBMScoreTests.JDE_Project_FunctionalityTest()'><b>JDE_Project_FunctionalityTest</b><br>Test class: ModulesTests.IBMScoreTests<br>Test method: To Verify after selecting JDE Project, its Event details are getting populate or not </td>
<td></td>
<td>49</td>
<td>ModulesTests.IBMScoreTests@7006c658</td></tr>
<tr>
<td title='ModulesTests.IBMScoreTests.Only_RecordOwner_Allowed_To_Submit_ScoreTest()'><b>Only_RecordOwner_Allowed_To_Submit_ScoreTest</b><br>Test class: ModulesTests.IBMScoreTests<br>Test method: To verify Only Record Owner Allowed To Submit Score </td>
<td></td>
<td>64</td>
<td>ModulesTests.IBMScoreTests@7006c658</td></tr>
<tr>
<td title='ModulesTests.IBMScoreTests.Regional_Officer_FunctionalityTest()'><b>Regional_Officer_FunctionalityTest</b><br>Test class: ModulesTests.IBMScoreTests<br>Test method: To check for Regional Officer user's privileges i.e. Shoudn't grant to access Corporate Aprrovals </td>
<td></td>
<td>214</td>
<td>ModulesTests.IBMScoreTests@7006c658</td></tr>
<tr>
<td title='ModulesTests.IBMScoreTests.SCORE_Date_Validation_QuarterTest()'><b>SCORE_Date_Validation_QuarterTest</b><br>Test class: ModulesTests.IBMScoreTests<br>Test method: To Verify SCORE_Date_Validation_Quarter </td>
<td></td>
<td>32</td>
<td>ModulesTests.IBMScoreTests@7006c658</td></tr>
<tr>
<td title='ModulesTests.IBMScoreTests.Verify_Draft_SCORE_All_Aprroval_For_RegionalUserTest()'><b>Verify_Draft_SCORE_All_Aprroval_For_RegionalUserTest</b><br>Test class: ModulesTests.IBMScoreTests<br>Test method: To verify while approving 'Draft' Score, getting proper error message or not using Regional User credentials. </td>
<td></td>
<td>173</td>
<td>ModulesTests.IBMScoreTests@7006c658</td></tr>
<tr>
<td title='ModulesTests.IBMScoreTests.otherClientCodeFunctionalityTest()'><b>otherClientCodeFunctionalityTest</b><br>Test class: ModulesTests.IBMScoreTests<br>Test method: To Check, Non BU Specific Sub Program picklist value is not mandatory if Client Code is other than 1208- IBM </td>
<td></td>
<td>37</td>
<td>ModulesTests.IBMScoreTests@7006c658</td></tr>
</table><p>
</body>
</html>